<?xml version="1.0" encoding="UTF-8"?>
<!-- Generated by org.testng.reporters.JUnitXMLReporter -->
<testsuite ignored="0" hostname="DESKTOP-I3LT8FQ" failures="0" tests="3" name="Nopackage" time="28.557" errors="0" timestamp="2022-11-10T10:46:37 IST">
  <testcase classname="Test_Cases.TC001" name="chandu" time="13.812"/>
  <testcase classname="Test_Cases.TC002" name="chandu" time="3.745"/>
  <testcase classname="Test_Cases.TC004" name="chandu" time="10.893"/>
</testsuite> <!-- Nopackage -->
