<?xml version="1.0" encoding="UTF-8"?>
<testng-results ignored="0" total="3" passed="3" failed="0" skipped="0">
  <reporter-output>
  </reporter-output>
  <suite started-at="2022-11-10T10:46:09 IST" name="Suite1" finished-at="2022-11-10T10:46:37 IST" duration-ms="28557">
    <groups>
    </groups>
    <test started-at="2022-11-10T10:46:09 IST" name="Nopackage" finished-at="2022-11-10T10:46:37 IST" duration-ms="28557">
      <class name="Test_Cases.TC001">
        <test-method signature="chandu()[pri:0, instance:Test_Cases.TC001@1725dc0f]" started-at="2022-11-10T10:46:09 IST" name="chandu" finished-at="2022-11-10T10:46:22 IST" duration-ms="13812" status="PASS">
          <reporter-output>
          </reporter-output>
        </test-method> <!-- chandu -->
      </class> <!-- Test_Cases.TC001 -->
      <class name="Test_Cases.TC002">
        <test-method signature="chandu()[pri:0, instance:Test_Cases.TC002@2145b572]" started-at="2022-11-10T10:46:22 IST" name="chandu" finished-at="2022-11-10T10:46:26 IST" duration-ms="3745" status="PASS">
          <reporter-output>
          </reporter-output>
        </test-method> <!-- chandu -->
      </class> <!-- Test_Cases.TC002 -->
      <class name="Test_Cases.TC004">
        <test-method signature="chandu()[pri:0, instance:Test_Cases.TC004@39529185]" started-at="2022-11-10T10:46:26 IST" name="chandu" finished-at="2022-11-10T10:46:37 IST" duration-ms="10893" status="PASS">
          <reporter-output>
          </reporter-output>
        </test-method> <!-- chandu -->
      </class> <!-- Test_Cases.TC004 -->
    </test> <!-- Nopackage -->
  </suite> <!-- Suite1 -->
</testng-results>
